<?xml version="1.0" encoding="UTF-8"?>
<testng-results skipped="0" failed="0" ignored="0" total="1" passed="1">
  <reporter-output>
  </reporter-output>
  <suite name="Default suite" duration-ms="12797" started-at="2019-02-17T05:49:41Z" finished-at="2019-02-17T05:49:54Z">
    <groups>
    </groups>
    <test name="Default test" duration-ms="12797" started-at="2019-02-17T05:49:41Z" finished-at="2019-02-17T05:49:54Z">
      <class name="Repository.TestLogin">
        <test-method status="PASS" signature="login()[pri:0, instance:Repository.TestLogin@215be6bb]" name="login" duration-ms="12766" started-at="2019-02-17T05:49:41Z" finished-at="2019-02-17T05:49:54Z">
          <reporter-output>
          </reporter-output>
        </test-method> <!-- login -->
      </class> <!-- Repository.TestLogin -->
    </test> <!-- Default test -->
  </suite> <!-- Default suite -->
</testng-results>
